[29-Feb-2024 12:20:17 Europe/Madrid] PHP Warning:  foreach() argument must be of type array|object, null given in C:\xampp\htdocs\foro\controllers\profilecontroller.php on line 16
[29-Feb-2024 12:21:19 Europe/Madrid] PHP Warning:  foreach() argument must be of type array|object, null given in C:\xampp\htdocs\foro\controllers\profilecontroller.php on line 16
[29-Feb-2024 12:22:19 Europe/Madrid] PHP Warning:  foreach() argument must be of type array|object, null given in C:\xampp\htdocs\foro\controllers\profilecontroller.php on line 16
[29-Feb-2024 12:22:27 Europe/Madrid] PHP Warning:  foreach() argument must be of type array|object, null given in C:\xampp\htdocs\foro\controllers\profilecontroller.php on line 16
[29-Feb-2024 12:25:07 Europe/Madrid] PHP Fatal error:  Uncaught Error: Class "ThreadModel" not found in C:\xampp\htdocs\foro\models\profilemodel.php:53
Stack trace:
#0 C:\xampp\htdocs\foro\controllers\profilecontroller.php(84): ProfileModel->getProfilesByUserId(15, 10, true)
#1 C:\xampp\htdocs\foro\controllers\profilecontroller.php(13): ProfileController->getProfilesAll()
#2 C:\xampp\htdocs\foro\libs\app.php(58): ProfileController->index(Array)
#3 C:\xampp\htdocs\foro\index.php(20): App->__construct()
#4 {main}
  thrown in C:\xampp\htdocs\foro\models\profilemodel.php on line 53
[29-Feb-2024 12:26:28 Europe/Madrid] PHP Fatal error:  Uncaught Error: Class "ThreadModel" not found in C:\xampp\htdocs\foro\models\profilemodel.php:53
Stack trace:
#0 C:\xampp\htdocs\foro\controllers\profilecontroller.php(84): ProfileModel->getProfilesByUserId(15, 10, true)
#1 C:\xampp\htdocs\foro\controllers\profilecontroller.php(13): ProfileController->getProfilesAll()
#2 C:\xampp\htdocs\foro\libs\app.php(58): ProfileController->index(Array)
#3 C:\xampp\htdocs\foro\index.php(20): App->__construct()
#4 {main}
  thrown in C:\xampp\htdocs\foro\models\profilemodel.php on line 53
[29-Feb-2024 12:27:23 Europe/Madrid] PHP Notice:  session_start(): Ignoring session_start() because a session is already active in C:\xampp\htdocs\foro\views\signup.php on line 23
[29-Feb-2024 12:27:23 Europe/Madrid] PHP Notice:  session_start(): Ignoring session_start() because a session is already active in C:\xampp\htdocs\foro\views\signup.php on line 40
[29-Feb-2024 12:27:23 Europe/Madrid] PHP Notice:  session_start(): Ignoring session_start() because a session is already active in C:\xampp\htdocs\foro\views\signup.php on line 49
[29-Feb-2024 12:27:43 Europe/Madrid] PHP Warning:  foreach() argument must be of type array|object, null given in C:\xampp\htdocs\foro\controllers\profilecontroller.php on line 16
[02-Mar-2024 17:19:36 Europe/Madrid] PHP Notice:  session_start(): Ignoring session_start() because a session is already active in C:\xampp\htdocs\foro\views\signup.php on line 23
[02-Mar-2024 17:19:36 Europe/Madrid] PHP Notice:  session_start(): Ignoring session_start() because a session is already active in C:\xampp\htdocs\foro\views\signup.php on line 40
[02-Mar-2024 17:19:36 Europe/Madrid] PHP Notice:  session_start(): Ignoring session_start() because a session is already active in C:\xampp\htdocs\foro\views\signup.php on line 49
[02-Mar-2024 17:19:48 Europe/Madrid] PHP Notice:  session_start(): Ignoring session_start() because a session is already active in C:\xampp\htdocs\foro\views\signup.php on line 23
[02-Mar-2024 17:19:48 Europe/Madrid] PHP Notice:  session_start(): Ignoring session_start() because a session is already active in C:\xampp\htdocs\foro\views\signup.php on line 40
[02-Mar-2024 17:19:48 Europe/Madrid] PHP Notice:  session_start(): Ignoring session_start() because a session is already active in C:\xampp\htdocs\foro\views\signup.php on line 49
[02-Mar-2024 17:20:17 Europe/Madrid] PHP Notice:  session_start(): Ignoring session_start() because a session is already active in C:\xampp\htdocs\foro\views\signup.php on line 23
[02-Mar-2024 17:20:17 Europe/Madrid] PHP Notice:  session_start(): Ignoring session_start() because a session is already active in C:\xampp\htdocs\foro\views\signup.php on line 40
[02-Mar-2024 17:20:17 Europe/Madrid] PHP Notice:  session_start(): Ignoring session_start() because a session is already active in C:\xampp\htdocs\foro\views\signup.php on line 49
[02-Mar-2024 17:39:48 Europe/Madrid] PHP Fatal error:  Uncaught Exception: Error connection: SQLSTATE[HY000] [2002] No se puede establecer una conexión ya que el equipo de destino denegó expresamente dicha conexión in C:\xampp\htdocs\foro\config\database.php:30
Stack trace:
#0 C:\xampp\htdocs\foro\models\usermodel.php(39): Database->connect()
#1 C:\xampp\htdocs\foro\classes\sessioncontroller.php(21): UserModel->getById(8)
#2 C:\xampp\htdocs\foro\classes\sessioncontroller.php(13): SessionController->init()
#3 C:\xampp\htdocs\foro\controllers\threadcontroller.php(6): SessionController->__construct()
#4 C:\xampp\htdocs\foro\libs\app.php(36): ThreadController->__construct()
#5 C:\xampp\htdocs\foro\index.php(20): App->__construct()
#6 {main}
  thrown in C:\xampp\htdocs\foro\config\database.php on line 30
[02-Mar-2024 17:39:52 Europe/Madrid] PHP Fatal error:  Uncaught Exception: Error connection: SQLSTATE[HY000] [2002] No se puede establecer una conexión ya que el equipo de destino denegó expresamente dicha conexión in C:\xampp\htdocs\foro\config\database.php:30
Stack trace:
#0 C:\xampp\htdocs\foro\models\usermodel.php(39): Database->connect()
#1 C:\xampp\htdocs\foro\classes\sessioncontroller.php(21): UserModel->getById(8)
#2 C:\xampp\htdocs\foro\classes\sessioncontroller.php(13): SessionController->init()
#3 C:\xampp\htdocs\foro\controllers\threadcontroller.php(6): SessionController->__construct()
#4 C:\xampp\htdocs\foro\libs\app.php(36): ThreadController->__construct()
#5 C:\xampp\htdocs\foro\index.php(20): App->__construct()
#6 {main}
  thrown in C:\xampp\htdocs\foro\config\database.php on line 30
[02-Mar-2024 17:39:56 Europe/Madrid] PHP Fatal error:  Uncaught Exception: Error connection: SQLSTATE[HY000] [2002] No se puede establecer una conexión ya que el equipo de destino denegó expresamente dicha conexión in C:\xampp\htdocs\foro\config\database.php:30
Stack trace:
#0 C:\xampp\htdocs\foro\models\usermodel.php(39): Database->connect()
#1 C:\xampp\htdocs\foro\classes\sessioncontroller.php(21): UserModel->getById(8)
#2 C:\xampp\htdocs\foro\classes\sessioncontroller.php(13): SessionController->init()
#3 C:\xampp\htdocs\foro\controllers\threadcontroller.php(6): SessionController->__construct()
#4 C:\xampp\htdocs\foro\libs\app.php(36): ThreadController->__construct()
#5 C:\xampp\htdocs\foro\index.php(20): App->__construct()
#6 {main}
  thrown in C:\xampp\htdocs\foro\config\database.php on line 30
[02-Mar-2024 17:40:00 Europe/Madrid] PHP Fatal error:  Uncaught Exception: Error connection: SQLSTATE[HY000] [2002] No se puede establecer una conexión ya que el equipo de destino denegó expresamente dicha conexión in C:\xampp\htdocs\foro\config\database.php:30
Stack trace:
#0 C:\xampp\htdocs\foro\models\usermodel.php(39): Database->connect()
#1 C:\xampp\htdocs\foro\classes\sessioncontroller.php(21): UserModel->getById(8)
#2 C:\xampp\htdocs\foro\classes\sessioncontroller.php(13): SessionController->init()
#3 C:\xampp\htdocs\foro\controllers\threadcontroller.php(6): SessionController->__construct()
#4 C:\xampp\htdocs\foro\libs\app.php(36): ThreadController->__construct()
#5 C:\xampp\htdocs\foro\index.php(20): App->__construct()
#6 {main}
  thrown in C:\xampp\htdocs\foro\config\database.php on line 30
[02-Mar-2024 17:40:04 Europe/Madrid] PHP Fatal error:  Uncaught Exception: Error connection: SQLSTATE[HY000] [2002] No se puede establecer una conexión ya que el equipo de destino denegó expresamente dicha conexión in C:\xampp\htdocs\foro\config\database.php:30
Stack trace:
#0 C:\xampp\htdocs\foro\models\usermodel.php(39): Database->connect()
#1 C:\xampp\htdocs\foro\classes\sessioncontroller.php(21): UserModel->getById(8)
#2 C:\xampp\htdocs\foro\classes\sessioncontroller.php(13): SessionController->init()
#3 C:\xampp\htdocs\foro\controllers\threadcontroller.php(6): SessionController->__construct()
#4 C:\xampp\htdocs\foro\libs\app.php(36): ThreadController->__construct()
#5 C:\xampp\htdocs\foro\index.php(20): App->__construct()
#6 {main}
  thrown in C:\xampp\htdocs\foro\config\database.php on line 30
[02-Mar-2024 17:40:08 Europe/Madrid] PHP Fatal error:  Uncaught Exception: Error connection: SQLSTATE[HY000] [2002] No se puede establecer una conexión ya que el equipo de destino denegó expresamente dicha conexión in C:\xampp\htdocs\foro\config\database.php:30
Stack trace:
#0 C:\xampp\htdocs\foro\models\usermodel.php(39): Database->connect()
#1 C:\xampp\htdocs\foro\classes\sessioncontroller.php(21): UserModel->getById(8)
#2 C:\xampp\htdocs\foro\classes\sessioncontroller.php(13): SessionController->init()
#3 C:\xampp\htdocs\foro\controllers\threadcontroller.php(6): SessionController->__construct()
#4 C:\xampp\htdocs\foro\libs\app.php(36): ThreadController->__construct()
#5 C:\xampp\htdocs\foro\index.php(20): App->__construct()
#6 {main}
  thrown in C:\xampp\htdocs\foro\config\database.php on line 30
[02-Mar-2024 17:40:13 Europe/Madrid] PHP Fatal error:  Uncaught Exception: Error connection: SQLSTATE[HY000] [2002] No se puede establecer una conexión ya que el equipo de destino denegó expresamente dicha conexión in C:\xampp\htdocs\foro\config\database.php:30
Stack trace:
#0 C:\xampp\htdocs\foro\models\usermodel.php(39): Database->connect()
#1 C:\xampp\htdocs\foro\classes\sessioncontroller.php(21): UserModel->getById(8)
#2 C:\xampp\htdocs\foro\classes\sessioncontroller.php(13): SessionController->init()
#3 C:\xampp\htdocs\foro\controllers\threadcontroller.php(6): SessionController->__construct()
#4 C:\xampp\htdocs\foro\libs\app.php(36): ThreadController->__construct()
#5 C:\xampp\htdocs\foro\index.php(20): App->__construct()
#6 {main}
  thrown in C:\xampp\htdocs\foro\config\database.php on line 30
[02-Mar-2024 17:40:17 Europe/Madrid] PHP Fatal error:  Uncaught Exception: Error connection: SQLSTATE[HY000] [2002] No se puede establecer una conexión ya que el equipo de destino denegó expresamente dicha conexión in C:\xampp\htdocs\foro\config\database.php:30
Stack trace:
#0 C:\xampp\htdocs\foro\models\usermodel.php(39): Database->connect()
#1 C:\xampp\htdocs\foro\classes\sessioncontroller.php(21): UserModel->getById(8)
#2 C:\xampp\htdocs\foro\classes\sessioncontroller.php(13): SessionController->init()
#3 C:\xampp\htdocs\foro\controllers\threadcontroller.php(6): SessionController->__construct()
#4 C:\xampp\htdocs\foro\libs\app.php(36): ThreadController->__construct()
#5 C:\xampp\htdocs\foro\index.php(20): App->__construct()
#6 {main}
  thrown in C:\xampp\htdocs\foro\config\database.php on line 30
[02-Mar-2024 17:41:51 Europe/Madrid] PHP Fatal error:  Uncaught Exception: Error connection: SQLSTATE[HY000] [2002] No se puede establecer una conexión ya que el equipo de destino denegó expresamente dicha conexión in C:\xampp\htdocs\foro\config\database.php:30
Stack trace:
#0 C:\xampp\htdocs\foro\models\usermodel.php(39): Database->connect()
#1 C:\xampp\htdocs\foro\classes\sessioncontroller.php(21): UserModel->getById(8)
#2 C:\xampp\htdocs\foro\classes\sessioncontroller.php(13): SessionController->init()
#3 C:\xampp\htdocs\foro\controllers\threadcontroller.php(6): SessionController->__construct()
#4 C:\xampp\htdocs\foro\libs\app.php(36): ThreadController->__construct()
#5 C:\xampp\htdocs\foro\index.php(20): App->__construct()
#6 {main}
  thrown in C:\xampp\htdocs\foro\config\database.php on line 30
[02-Mar-2024 17:42:02 Europe/Madrid] PHP Fatal error:  Uncaught Exception: Error connection: SQLSTATE[HY000] [2002] No se puede establecer una conexión ya que el equipo de destino denegó expresamente dicha conexión in C:\xampp\htdocs\foro\config\database.php:30
Stack trace:
#0 C:\xampp\htdocs\foro\models\usermodel.php(39): Database->connect()
#1 C:\xampp\htdocs\foro\classes\sessioncontroller.php(21): UserModel->getById(8)
#2 C:\xampp\htdocs\foro\classes\sessioncontroller.php(13): SessionController->init()
#3 C:\xampp\htdocs\foro\controllers\threadcontroller.php(6): SessionController->__construct()
#4 C:\xampp\htdocs\foro\libs\app.php(36): ThreadController->__construct()
#5 C:\xampp\htdocs\foro\index.php(20): App->__construct()
#6 {main}
  thrown in C:\xampp\htdocs\foro\config\database.php on line 30
[02-Mar-2024 18:05:31 Europe/Madrid] PHP Warning:  foreach() argument must be of type array|object, null given in C:\xampp\htdocs\foro\controllers\profilecontroller.php on line 16
[02-Mar-2024 18:05:47 Europe/Madrid] PHP Warning:  foreach() argument must be of type array|object, null given in C:\xampp\htdocs\foro\controllers\profilecontroller.php on line 16
[02-Mar-2024 19:01:53 Europe/Madrid] PHP Warning:  foreach() argument must be of type array|object, null given in C:\xampp\htdocs\foro\controllers\profilecontroller.php on line 16
[02-Mar-2024 19:02:30 Europe/Madrid] PHP Warning:  foreach() argument must be of type array|object, null given in C:\xampp\htdocs\foro\controllers\profilecontroller.php on line 16
[02-Mar-2024 19:25:51 Europe/Madrid] PHP Warning:  foreach() argument must be of type array|object, null given in C:\xampp\htdocs\foro\controllers\profilecontroller.php on line 16
[02-Mar-2024 19:26:23 Europe/Madrid] PHP Warning:  foreach() argument must be of type array|object, null given in C:\xampp\htdocs\foro\controllers\profilecontroller.php on line 16
